<?xml version="1.0" encoding="UTF-8"?>
<!-- Generated by org.testng.reporters.JUnitReportReporter -->
<testsuite hostname="DESKTOP-PCRDTAN" failures="0" tests="23" name="com.appium.test.wordweb_Mohan" time="258.445" errors="1" timestamp="2020-05-28T10:13:50 IST" skipped="3">
  <testcase classname="com.appium.test.wordweb_Mohan" name="bookMarkwords" time="24.044"/>
  <system-out/>
  <testcase classname="com.appium.test.wordweb_Mohan" name="bookMarkwords" time="11.613"/>
  <system-out/>
  <testcase classname="com.appium.test.wordweb_Mohan" name="bookMarkwords" time="10.575"/>
  <system-out/>
  <testcase classname="com.appium.test.wordweb_Mohan" name="bookMarkwords" time="7.560"/>
  <system-out/>
  <testcase classname="com.appium.test.wordweb_Mohan" name="bookMarkwords" time="9.561"/>
  <system-out/>
  <testcase classname="com.appium.test.wordweb_Mohan" name="bookMarkwords" time="9.099"/>
  <system-out/>
  <testcase classname="com.appium.test.wordweb_Mohan" name="bookMarkwords" time="17.083"/>
  <system-out/>
  <testcase classname="com.appium.test.wordweb_Mohan" name="bookMarkwords" time="36.187">
    <error message="An element could not be located on the page using the given search parameters.
For documentation on this error, please visit: https://www.seleniumhq.org/exceptions/no_such_element.html
Build info: version: &#039;3.141.59&#039;, revision: &#039;e82be7d358&#039;, time: &#039;2018-11-14T08:17:03&#039;
System info: host: &#039;DESKTOP-PCRDTAN&#039;, ip: &#039;192.168.238.1&#039;, os.name: &#039;Windows 10&#039;, os.arch: &#039;amd64&#039;, os.version: &#039;10.0&#039;, java.version: &#039;13&#039;
Driver info: io.appium.java_client.android.AndroidDriver
Capabilities {appActivity: com.wordwebsoftware.android..., appPackage: com.wordwebsoftware.android..., databaseEnabled: false, desired: {appActivity: com.wordwebsoftware.android..., appPackage: com.wordwebsoftware.android..., deviceName: Emulator, platformName: android, platformVersion: 9, resetKeyboard: true, udid: emulator-5554, unicodeKeyboard: true}, deviceApiLevel: 29, deviceManufacturer: Google, deviceModel: sdk_gphone_x86, deviceName: emulator-5554, deviceScreenDensity: 440, deviceScreenSize: 1080x2160, deviceUDID: emulator-5554, javascriptEnabled: true, locationContextEnabled: false, networkConnectionEnabled: true, pixelRatio: 2.75, platform: LINUX, platformName: Android, platformVersion: 10, resetKeyboard: true, statBarHeight: 66, takesScreenshot: true, udid: emulator-5554, unicodeKeyboard: true, viewportRect: {height: 1962, left: 0, top: 66, width: 1080}, warnings: {}, webStorageEnabled: false}
Session ID: 8f81ee7d-f983-42a8-85e7-b6a6665ce0a3
*** Element info: {Using=id, value=add_to_bookmark_menu}" type="org.openqa.selenium.NoSuchElementException">
      <![CDATA[org.openqa.selenium.NoSuchElementException: An element could not be located on the page using the given search parameters.
For documentation on this error, please visit: https://www.seleniumhq.org/exceptions/no_such_element.html
Build info: version: '3.141.59', revision: 'e82be7d358', time: '2018-11-14T08:17:03'
System info: host: 'DESKTOP-PCRDTAN', ip: '192.168.238.1', os.name: 'Windows 10', os.arch: 'amd64', os.version: '10.0', java.version: '13'
Driver info: io.appium.java_client.android.AndroidDriver
Capabilities {appActivity: com.wordwebsoftware.android..., appPackage: com.wordwebsoftware.android..., databaseEnabled: false, desired: {appActivity: com.wordwebsoftware.android..., appPackage: com.wordwebsoftware.android..., deviceName: Emulator, platformName: android, platformVersion: 9, resetKeyboard: true, udid: emulator-5554, unicodeKeyboard: true}, deviceApiLevel: 29, deviceManufacturer: Google, deviceModel: sdk_gphone_x86, deviceName: emulator-5554, deviceScreenDensity: 440, deviceScreenSize: 1080x2160, deviceUDID: emulator-5554, javascriptEnabled: true, locationContextEnabled: false, networkConnectionEnabled: true, pixelRatio: 2.75, platform: LINUX, platformName: Android, platformVersion: 10, resetKeyboard: true, statBarHeight: 66, takesScreenshot: true, udid: emulator-5554, unicodeKeyboard: true, viewportRect: {height: 1962, left: 0, top: 66, width: 1080}, warnings: {}, webStorageEnabled: false}
Session ID: 8f81ee7d-f983-42a8-85e7-b6a6665ce0a3
*** Element info: {Using=id, value=add_to_bookmark_menu}
at java.base/jdk.internal.reflect.NativeConstructorAccessorImpl.newInstance0(Native Method)
at java.base/jdk.internal.reflect.NativeConstructorAccessorImpl.newInstance(NativeConstructorAccessorImpl.java:62)
at java.base/jdk.internal.reflect.DelegatingConstructorAccessorImpl.newInstance(DelegatingConstructorAccessorImpl.java:45)
at java.base/java.lang.reflect.Constructor.newInstanceWithCaller(Constructor.java:500)
at java.base/java.lang.reflect.Constructor.newInstance(Constructor.java:481)
at org.openqa.selenium.remote.http.W3CHttpResponseCodec.createException(W3CHttpResponseCodec.java:187)
at org.openqa.selenium.remote.http.W3CHttpResponseCodec.decode(W3CHttpResponseCodec.java:122)
at org.openqa.selenium.remote.http.W3CHttpResponseCodec.decode(W3CHttpResponseCodec.java:49)
at org.openqa.selenium.remote.HttpCommandExecutor.execute(HttpCommandExecutor.java:158)
at io.appium.java_client.remote.AppiumCommandExecutor.execute(AppiumCommandExecutor.java:239)
at org.openqa.selenium.remote.RemoteWebDriver.execute(RemoteWebDriver.java:552)
at io.appium.java_client.DefaultGenericMobileDriver.execute(DefaultGenericMobileDriver.java:41)
at io.appium.java_client.AppiumDriver.execute(AppiumDriver.java:1)
at io.appium.java_client.android.AndroidDriver.execute(AndroidDriver.java:1)
at org.openqa.selenium.remote.RemoteWebDriver.findElement(RemoteWebDriver.java:323)
at io.appium.java_client.DefaultGenericMobileDriver.findElement(DefaultGenericMobileDriver.java:61)
at io.appium.java_client.AppiumDriver.findElement(AppiumDriver.java:1)
at io.appium.java_client.android.AndroidDriver.findElement(AndroidDriver.java:1)
at org.openqa.selenium.remote.RemoteWebDriver.findElementById(RemoteWebDriver.java:372)
at io.appium.java_client.DefaultGenericMobileDriver.findElementById(DefaultGenericMobileDriver.java:69)
at io.appium.java_client.AppiumDriver.findElementById(AppiumDriver.java:1)
at io.appium.java_client.android.AndroidDriver.findElementById(AndroidDriver.java:1)
at org.openqa.selenium.By$ById.findElement(By.java:188)
at org.openqa.selenium.remote.RemoteWebDriver.findElement(RemoteWebDriver.java:315)
at io.appium.java_client.DefaultGenericMobileDriver.findElement(DefaultGenericMobileDriver.java:57)
at io.appium.java_client.AppiumDriver.findElement(AppiumDriver.java:1)
at io.appium.java_client.android.AndroidDriver.findElement(AndroidDriver.java:1)
at com.helper.UserActions.Click(UserActions.java:79)
at com.appium.test.wordweb_Mohan.bookMarkwords(wordweb_Mohan.java:151)
at java.base/jdk.internal.reflect.NativeMethodAccessorImpl.invoke0(Native Method)
at java.base/jdk.internal.reflect.NativeMethodAccessorImpl.invoke(NativeMethodAccessorImpl.java:62)
at java.base/jdk.internal.reflect.DelegatingMethodAccessorImpl.invoke(DelegatingMethodAccessorImpl.java:43)
at java.base/java.lang.reflect.Method.invoke(Method.java:567)
at org.testng.internal.MethodInvocationHelper.invokeMethod(MethodInvocationHelper.java:135)
at org.testng.internal.TestInvoker.invokeMethod(TestInvoker.java:598)
at org.testng.internal.TestInvoker.invokeTestMethod(TestInvoker.java:174)
at org.testng.internal.MethodRunner.runInSequence(MethodRunner.java:46)
at org.testng.internal.TestInvoker$MethodInvocationAgent.invoke(TestInvoker.java:821)
at org.testng.internal.TestInvoker.invokeTestMethods(TestInvoker.java:147)
at org.testng.internal.TestMethodWorker.invokeTestMethods(TestMethodWorker.java:146)
at org.testng.internal.TestMethodWorker.run(TestMethodWorker.java:128)
at java.base/java.util.ArrayList.forEach(ArrayList.java:1507)
at org.testng.TestRunner.privateRun(TestRunner.java:767)
at org.testng.TestRunner.run(TestRunner.java:588)
at org.testng.SuiteRunner.runTest(SuiteRunner.java:384)
at org.testng.SuiteRunner.runSequentially(SuiteRunner.java:378)
at org.testng.SuiteRunner.privateRun(SuiteRunner.java:337)
at org.testng.SuiteRunner.run(SuiteRunner.java:286)
at org.testng.SuiteRunnerWorker.runSuite(SuiteRunnerWorker.java:53)
at org.testng.SuiteRunnerWorker.run(SuiteRunnerWorker.java:96)
at org.testng.TestNG.runSuitesSequentially(TestNG.java:1214)
at org.testng.TestNG.runSuitesLocally(TestNG.java:1136)
at org.testng.TestNG.runSuites(TestNG.java:1066)
at org.testng.TestNG.run(TestNG.java:1034)
at org.testng.remote.AbstractRemoteTestNG.run(AbstractRemoteTestNG.java:115)
at org.testng.remote.RemoteTestNG.initAndRun(RemoteTestNG.java:251)
at org.testng.remote.RemoteTestNG.main(RemoteTestNG.java:77)
]]>
    </error>
  </testcase> <!-- bookMarkwords -->
  <system-out/>
  <testcase classname="com.appium.test.wordweb_Mohan" name="removeBookmark" time="11.353"/>
  <system-out/>
  <testcase classname="com.appium.test.wordweb_Mohan" name="removeBookmark" time="15.318"/>
  <system-out/>
  <testcase classname="com.appium.test.wordweb_Mohan" name="removeBookmark" time="9.913"/>
  <system-out/>
  <testcase classname="com.appium.test.wordweb_Mohan" name="removeBookmark" time="0.000">
    <skipped/>
  </testcase> <!-- removeBookmark -->
  <system-out/>
  <testcase classname="com.appium.test.wordweb_Mohan" name="removeBookmark" time="7.408"/>
  <system-out/>
  <testcase classname="com.appium.test.wordweb_Mohan" name="SeatchWithType" time="10.110"/>
  <system-out/>
  <testcase classname="com.appium.test.wordweb_Mohan" name="SeatchWithType" time="11.808"/>
  <system-out/>
  <testcase classname="com.appium.test.wordweb_Mohan" name="SeatchWithType" time="10.114"/>
  <system-out/>
  <testcase classname="com.appium.test.wordweb_Mohan" name="SeatchWithType" time="10.843"/>
  <system-out/>
  <testcase classname="com.appium.test.wordweb_Mohan" name="SeatchWithType" time="10.334"/>
  <system-out/>
  <testcase classname="com.appium.test.wordweb_Mohan" name="SeatchWithType" time="10.587"/>
  <system-out/>
  <testcase classname="com.appium.test.wordweb_Mohan" name="SeatchWithType" time="10.084"/>
  <system-out/>
  <testcase classname="com.appium.test.wordweb_Mohan" name="SeatchWithType" time="14.851"/>
  <system-out/>
  <testcase classname="com.appium.test.wordweb_Mohan" name="WordwebWithoutDP">
    <skipped/>
  </testcase> <!-- WordwebWithoutDP -->
  <system-out/>
  <testcase classname="com.appium.test.wordweb_Mohan" name="WordwebWithoutDP">
    <skipped/>
  </testcase> <!-- WordwebWithoutDP -->
  <system-out/>
</testsuite> <!-- com.appium.test.wordweb_Mohan -->
