<?xml version="1.0" encoding="UTF-8"?>
<!-- Generated by org.testng.reporters.JUnitReportReporter -->
<testsuite hostname="DESKTOP-PCRDTAN" failures="0" tests="4" name="com.appium.test.SwethaTasty" time="111.816" errors="0" timestamp="2020-05-22T19:54:48 IST" skipped="0">
  <testcase classname="com.appium.test.SwethaTasty" name="sampleTest" time="21.249"/>
  <testcase classname="com.appium.test.SwethaTasty" name="sampleTest" time="43.605"/>
  <testcase classname="com.appium.test.SwethaTasty" name="sampleTest" time="24.108"/>
  <testcase classname="com.appium.test.SwethaTasty" name="sampleTest" time="22.854"/>
</testsuite> <!-- com.appium.test.SwethaTasty -->
