<?xml version="1.0" encoding="UTF-8"?>
<!-- Generated by org.testng.reporters.JUnitReportReporter -->
<testsuite hostname="DESKTOP-PCRDTAN" failures="0" tests="26" name="com.appium.test.wordweb_Mohan" time="279.279" errors="0" timestamp="2020-05-28T21:31:11 IST" skipped="2">
  <testcase classname="com.appium.test.wordweb_Mohan" name="bookMarkwords" time="27.184"/>
  <system-out/>
  <testcase classname="com.appium.test.wordweb_Mohan" name="bookMarkwords" time="9.501"/>
  <system-out/>
  <testcase classname="com.appium.test.wordweb_Mohan" name="bookMarkwords" time="12.361"/>
  <system-out/>
  <testcase classname="com.appium.test.wordweb_Mohan" name="bookMarkwords" time="17.397"/>
  <system-out/>
  <testcase classname="com.appium.test.wordweb_Mohan" name="bookMarkwords" time="9.221"/>
  <system-out/>
  <testcase classname="com.appium.test.wordweb_Mohan" name="bookMarkwords" time="12.238"/>
  <system-out/>
  <testcase classname="com.appium.test.wordweb_Mohan" name="bookMarkwords" time="9.767"/>
  <system-out/>
  <testcase classname="com.appium.test.wordweb_Mohan" name="bookMarkwords" time="10.450"/>
  <system-out/>
  <testcase classname="com.appium.test.wordweb_Mohan" name="removeBookmark" time="10.420"/>
  <system-out/>
  <testcase classname="com.appium.test.wordweb_Mohan" name="removeBookmark" time="8.380"/>
  <system-out/>
  <testcase classname="com.appium.test.wordweb_Mohan" name="removeBookmark" time="7.047"/>
  <system-out/>
  <testcase classname="com.appium.test.wordweb_Mohan" name="removeBookmark" time="6.350"/>
  <system-out/>
  <testcase classname="com.appium.test.wordweb_Mohan" name="removeBookmark" time="9.418"/>
  <system-out/>
  <testcase classname="com.appium.test.wordweb_Mohan" name="removeBookmark" time="7.630"/>
  <system-out/>
  <testcase classname="com.appium.test.wordweb_Mohan" name="removeBookmark" time="14.564"/>
  <system-out/>
  <testcase classname="com.appium.test.wordweb_Mohan" name="removeBookmark" time="11.281"/>
  <system-out/>
  <testcase classname="com.appium.test.wordweb_Mohan" name="SeatchWithType" time="10.680"/>
  <system-out/>
  <testcase classname="com.appium.test.wordweb_Mohan" name="SeatchWithType" time="11.025"/>
  <system-out/>
  <testcase classname="com.appium.test.wordweb_Mohan" name="SeatchWithType" time="10.299"/>
  <system-out/>
  <testcase classname="com.appium.test.wordweb_Mohan" name="SeatchWithType" time="10.777"/>
  <system-out/>
  <testcase classname="com.appium.test.wordweb_Mohan" name="SeatchWithType" time="10.962"/>
  <system-out/>
  <testcase classname="com.appium.test.wordweb_Mohan" name="SeatchWithType" time="10.175"/>
  <system-out/>
  <testcase classname="com.appium.test.wordweb_Mohan" name="SeatchWithType" time="12.461"/>
  <system-out/>
  <testcase classname="com.appium.test.wordweb_Mohan" name="SeatchWithType" time="19.691"/>
  <system-out/>
  <testcase classname="com.appium.test.wordweb_Mohan" name="WordwebWithoutDP">
    <skipped/>
  </testcase> <!-- WordwebWithoutDP -->
  <system-out/>
  <testcase classname="com.appium.test.wordweb_Mohan" name="WordwebWithoutDP">
    <skipped/>
  </testcase> <!-- WordwebWithoutDP -->
  <system-out/>
</testsuite> <!-- com.appium.test.wordweb_Mohan -->
