<?xml version="1.0" encoding="UTF-8"?>
<!-- Generated by org.testng.reporters.JUnitReportReporter -->
<testsuite hostname="MAVBCP402" failures="0" tests="1" name="com.appium.test.Tasty" time="15.613" errors="0" timestamp="2020-05-22T09:58:08 IST" skipped="0">
  <testcase classname="com.appium.test.Tasty" name="sampleTest" time="15.613"/>
  <system-out/>
</testsuite> <!-- com.appium.test.Tasty -->
