<?xml version="1.0" encoding="UTF-8"?>
<!-- Generated by org.testng.reporters.JUnitReportReporter -->
<testsuite hostname="DESKTOP-PCRDTAN" failures="0" tests="5" name="com.appium.test.wordweb_Mohan" time="132.997" errors="0" timestamp="2020-05-26T19:05:31 IST" skipped="1">
  <testcase classname="com.appium.test.wordweb_Mohan" name="Wordweb" time="29.870"/>
  <testcase classname="com.appium.test.wordweb_Mohan" name="Wordweb" time="36.251"/>
  <testcase classname="com.appium.test.wordweb_Mohan" name="Wordweb" time="34.498"/>
  <testcase classname="com.appium.test.wordweb_Mohan" name="Wordweb" time="32.378"/>
  <testcase classname="com.appium.test.wordweb_Mohan" name="WordwebWithoutDP">
    <skipped/>
  </testcase> <!-- WordwebWithoutDP -->
</testsuite> <!-- com.appium.test.wordweb_Mohan -->
