<?xml version="1.0" encoding="UTF-8"?>
<!-- Generated by org.testng.reporters.JUnitReportReporter -->
<testsuite hostname="DESKTOP-PCRDTAN" failures="0" tests="1" name="com.appium.test.Univtestng" time="9.453" errors="0" timestamp="2020-05-22T19:54:48 IST" skipped="0">
  <testcase classname="com.appium.test.Univtestng" name="sampleTest" time="9.453"/>
</testsuite> <!-- com.appium.test.Univtestng -->
