<?xml version="1.0" encoding="UTF-8"?>
<!-- Generated by org.testng.reporters.JUnitReportReporter -->
<testsuite hostname="DESKTOP-PCRDTAN" failures="0" tests="3" name="com.appium.test.WheelSize" time="56.648" errors="0" timestamp="2020-05-26T19:05:31 IST" skipped="1">
  <testcase classname="com.appium.test.WheelSize" name="searchWheelSize" time="27.271"/>
  <testcase classname="com.appium.test.WheelSize" name="searchWheelSize" time="29.377"/>
  <testcase classname="com.appium.test.WheelSize" name="rateTestExecution">
    <skipped/>
  </testcase> <!-- rateTestExecution -->
</testsuite> <!-- com.appium.test.WheelSize -->
