<?xml version="1.0" encoding="UTF-8"?>
<!-- Generated by org.testng.reporters.JUnitReportReporter -->
<testsuite hostname="DESKTOP-PCRDTAN" failures="0" tests="1" name="com.appium.test.NewTest" time="51.915" errors="0" timestamp="2020-05-26T11:31:18 IST" skipped="0">
  <testcase classname="com.appium.test.NewTest" name="browserTestGoogleSearch" time="51.915"/>
</testsuite> <!-- com.appium.test.NewTest -->
